<?xml version="1.0" encoding="UTF-8"?>
<testsuite xmlns:xsi="http://www.w3.org/2001/XMLSchema-instance" xsi:noNamespaceSchemaLocation="https://maven.apache.org/surefire/maven-surefire-plugin/xsd/surefire-test-report.xsd" name="TestSuite" time="19.872" tests="2" errors="0" skipped="0" failures="0">
  <properties>
[...]
</properties>
  <testcase name="launchGoogle" classname="org.SeleniumHq.GoogleGmailTest" time="6.611"/>
  <testcase name="launchGoogle" classname="org.SeleniumHq.Amazon" time="5.277"/>
</testsuite>