<?xml version="1.0" encoding="UTF-8"?>
<testng-results ignored="0" total="2" passed="2" failed="0" skipped="0">
  <reporter-output>
  </reporter-output>
  <suite started-at="2020-10-02T09:29:10Z" name="GoogleSuiteInXml" finished-at="2020-10-02T09:29:30Z" duration-ms="19495">
    <groups>
    </groups>
    <test started-at="2020-10-02T09:29:10Z" name="GoogleTestInXml" finished-at="2020-10-02T09:29:20Z" duration-ms="9906">
      <class name="org.SeleniumHq.GoogleGmailTest">
        <test-method is-config="true" signature="setUp()[pri:0, instance:org.SeleniumHq.GoogleGmailTest@77847718]" started-at="2020-10-02T09:29:10Z" name="setUp" finished-at="2020-10-02T09:29:13Z" duration-ms="3096" status="PASS">
          <reporter-output>
          </reporter-output>
        </test-method> <!-- setUp -->
        <test-method signature="launchGoogle()[pri:0, instance:org.SeleniumHq.GoogleGmailTest@77847718]" started-at="2020-10-02T09:29:13Z" name="launchGoogle" finished-at="2020-10-02T09:29:20Z" duration-ms="6609" status="PASS">
          <reporter-output>
          </reporter-output>
        </test-method> <!-- launchGoogle -->
        <test-method is-config="true" signature="closeBrowser()[pri:0, instance:org.SeleniumHq.GoogleGmailTest@77847718]" started-at="2020-10-02T09:29:20Z" name="closeBrowser" finished-at="2020-10-02T09:29:20Z" duration-ms="185" status="PASS">
          <reporter-output>
          </reporter-output>
        </test-method> <!-- closeBrowser -->
      </class> <!-- org.SeleniumHq.GoogleGmailTest -->
    </test> <!-- GoogleTestInXml -->
    <test started-at="2020-10-02T09:29:20Z" name="Amazon" finished-at="2020-10-02T09:29:30Z" duration-ms="9570">
      <class name="org.SeleniumHq.Amazon">
        <test-method is-config="true" signature="setUp()[pri:0, instance:org.SeleniumHq.Amazon@55b699ef]" started-at="2020-10-02T09:29:20Z" name="setUp" finished-at="2020-10-02T09:29:24Z" duration-ms="4206" status="PASS">
          <reporter-output>
          </reporter-output>
        </test-method> <!-- setUp -->
        <test-method signature="launchGoogle()[pri:0, instance:org.SeleniumHq.Amazon@55b699ef]" started-at="2020-10-02T09:29:24Z" name="launchGoogle" finished-at="2020-10-02T09:29:30Z" duration-ms="5277" status="PASS">
          <reporter-output>
          </reporter-output>
        </test-method> <!-- launchGoogle -->
        <test-method is-config="true" signature="closeBrowser()[pri:0, instance:org.SeleniumHq.Amazon@55b699ef]" started-at="2020-10-02T09:29:30Z" name="closeBrowser" finished-at="2020-10-02T09:29:30Z" duration-ms="87" status="PASS">
          <reporter-output>
          </reporter-output>
        </test-method> <!-- closeBrowser -->
      </class> <!-- org.SeleniumHq.Amazon -->
    </test> <!-- Amazon -->
  </suite> <!-- GoogleSuiteInXml -->
</testng-results>
